Copyright 1986-2022 Xilinx, Inc. All Rights Reserved.
--------------------------------------------------------------------------------------------
| Tool Version : Vivado v.2022.2 (win64) Build 3671981 Fri Oct 14 05:00:03 MDT 2022
| Date         : Tue Dec 24 17:59:50 2024
| Host         : DESKTOP-0G38QBS running 64-bit major release  (build 9200)
| Command      : report_control_sets -verbose -file nds_capture_top_control_sets_placed.rpt
| Design       : nds_capture_top
| Device       : xc7z020
--------------------------------------------------------------------------------------------

Control Set Information

Table of Contents
-----------------
1. Summary
2. Histogram
3. Flip-Flop Distribution
4. Detailed Control Set Information

1. Summary
----------

+----------------------------------------------------------+-------+
|                          Status                          | Count |
+----------------------------------------------------------+-------+
| Total control sets                                       |     6 |
|    Minimum number of control sets                        |     6 |
|    Addition due to synthesis replication                 |     0 |
|    Addition due to physical synthesis replication        |     0 |
| Unused register locations in slices containing registers |    21 |
+----------------------------------------------------------+-------+
* Control sets can be merged at opt_design using control_set_merge or merge_equivalent_drivers
** Run report_qor_suggestions for automated merging and remapping suggestions


2. Histogram
------------

+--------------------+-------+
|       Fanout       | Count |
+--------------------+-------+
| Total control sets |     6 |
| >= 0 to < 4        |     0 |
| >= 4 to < 6        |     0 |
| >= 6 to < 8        |     0 |
| >= 8 to < 10       |     0 |
| >= 10 to < 12      |     3 |
| >= 12 to < 14      |     1 |
| >= 14 to < 16      |     0 |
| >= 16              |     2 |
+--------------------+-------+
* Control sets can be remapped at either synth_design or opt_design


3. Flip-Flop Distribution
-------------------------

+--------------+-----------------------+------------------------+-----------------+--------------+
| Clock Enable | Synchronous Set/Reset | Asynchronous Set/Reset | Total Registers | Total Slices |
+--------------+-----------------------+------------------------+-----------------+--------------+
| No           | No                    | No                     |              95 |           26 |
| No           | No                    | Yes                    |               0 |            0 |
| No           | Yes                   | No                     |              53 |           17 |
| Yes          | No                    | No                     |              12 |            4 |
| Yes          | No                    | Yes                    |               0 |            0 |
| Yes          | Yes                   | No                     |              11 |            3 |
+--------------+-----------------------+------------------------+-----------------+--------------+


4. Detailed Control Set Information
-----------------------------------

+--------------------------+------------------------+---------------------------------------------------------------------+------------------+----------------+--------------+
|       Clock Signal       |      Enable Signal     |                           Set/Reset Signal                          | Slice Load Count | Bel Load Count | Bels / Slice |
+--------------------------+------------------------+---------------------------------------------------------------------+------------------+----------------+--------------+
|  clk_wiz_0/inst/clk_out1 |                        | rgb2dvi_m0/U0/DataEncoders[0].DataEncoder/pDataOutRaw[9]_i_1__1_n_0 |                3 |             10 |         3.33 |
|  clk_wiz_0/inst/clk_out1 |                        | hdmi_color_bar/h_cnt[11]_i_1_n_0                                    |                3 |             11 |         3.67 |
|  clk_wiz_0/inst/clk_out1 | hdmi_color_bar/v_cnt_0 | hdmi_color_bar/v_cnt[11]_i_1_n_0                                    |                3 |             11 |         3.67 |
|  clk_wiz_0/inst/clk_out1 | hdmi_color_bar/p_0_in  |                                                                     |                4 |             12 |         3.00 |
|  clk_wiz_0/inst/clk_out1 |                        | rgb2dvi_m0/U0/DataEncoders[0].DataEncoder/SR[0]                     |               11 |             32 |         2.91 |
|  clk_wiz_0/inst/clk_out1 |                        |                                                                     |               26 |             95 |         3.65 |
+--------------------------+------------------------+---------------------------------------------------------------------+------------------+----------------+--------------+


